This file contains any messages produced by compilers while
running configure, to aid debugging if configure makes a mistake.

It was created by gutenprint-printer-app configure 1.0, which was
generated by GNU Autoconf 2.71.  Invocation command line was

  $ ./configure

## --------- ##
## Platform. ##
## --------- ##

hostname = something
uname -m = aarch64
uname -r = 6.8.0-48-generic
uname -s = Linux
uname -v = #48-Ubuntu SMP PREEMPT_DYNAMIC Fri Sep 27 14:35:45 UTC 2024

/usr/bin/uname -p = aarch64
/bin/uname -X     = unknown

/bin/arch              = aarch64
/usr/bin/arch -k       = unknown
/usr/convex/getsysinfo = unknown
/usr/bin/hostinfo      = unknown
/bin/machine           = unknown
/usr/bin/oslevel       = unknown
/bin/universe          = unknown

PATH: /home/ank/.local/bin/
PATH: /home/ank/.local/bin/
PATH: /home/ank/.local/bin/
PATH: /usr/local/sbin/
PATH: /usr/local/bin/
PATH: /usr/sbin/
PATH: /usr/bin/
PATH: /sbin/
PATH: /bin/
PATH: /usr/games/
PATH: /usr/local/games/
PATH: /snap/bin/


## ----------- ##
## Core tests. ##
## ----------- ##

configure:2086: looking for aux files: config.guess config.sub
configure:2099:  trying ./
configure:2128:   ./config.guess found
configure:2128:   ./config.sub found
configure:2273: checking build system type
configure:2288: result: aarch64-unknown-linux-gnu
configure:2308: checking host system type
configure:2322: result: aarch64-unknown-linux-gnu
configure:2444: checking for gcc
configure:2465: found /usr/bin/gcc
configure:2476: result: gcc
configure:2829: checking for C compiler version
configure:2838: gcc --version >&5
gcc (Ubuntu 13.2.0-23ubuntu4) 13.2.0
Copyright (C) 2023 Free Software Foundation, Inc.
This is free software; see the source for copying conditions.  There is NO
warranty; not even for MERCHANTABILITY or FITNESS FOR A PARTICULAR PURPOSE.

configure:2849: $? = 0
configure:2838: gcc -v >&5
Using built-in specs.
COLLECT_GCC=gcc
COLLECT_LTO_WRAPPER=/usr/libexec/gcc/aarch64-linux-gnu/13/lto-wrapper
OFFLOAD_TARGET_NAMES=nvptx-none
OFFLOAD_TARGET_DEFAULT=1
Target: aarch64-linux-gnu
Configured with: ../src/configure -v --with-pkgversion='Ubuntu 13.2.0-23ubuntu4' --with-bugurl=file:///usr/share/doc/gcc-13/README.Bugs --enable-languages=c,ada,c++,go,d,fortran,objc,obj-c++,m2 --prefix=/usr --with-gcc-major-version-only --program-suffix=-13 --program-prefix=aarch64-linux-gnu- --enable-shared --enable-linker-build-id --libexecdir=/usr/libexec --without-included-gettext --enable-threads=posix --libdir=/usr/lib --enable-nls --enable-clocale=gnu --enable-libstdcxx-debug --enable-libstdcxx-time=yes --with-default-libstdcxx-abi=new --enable-libstdcxx-backtrace --enable-gnu-unique-object --disable-libquadmath --disable-libquadmath-support --enable-plugin --enable-default-pie --with-system-zlib --enable-libphobos-checking=release --with-target-system-zlib=auto --enable-objc-gc=auto --enable-multiarch --enable-fix-cortex-a53-843419 --disable-werror --enable-offload-targets=nvptx-none=/build/gcc-13-dIwDw0/gcc-13-13.2.0/debian/tmp-nvptx/usr --enable-offload-defaulted --without-cuda-driver --enable-checking=release --build=aarch64-linux-gnu --host=aarch64-linux-gnu --target=aarch64-linux-gnu
Thread model: posix
Supported LTO compression algorithms: zlib zstd
gcc version 13.2.0 (Ubuntu 13.2.0-23ubuntu4) 
... rest of stderr output deleted ...
configure:2849: $? = 0
configure:2838: gcc -V >&5
gcc: error: unrecognized command-line option '-V'
gcc: fatal error: no input files
compilation terminated.
configure:2849: $? = 1
configure:2838: gcc -qversion >&5
gcc: error: unrecognized command-line option '-qversion'; did you mean '--version'?
gcc: fatal error: no input files
compilation terminated.
configure:2849: $? = 1
configure:2838: gcc -version >&5
gcc: error: unrecognized command-line option '-version'
gcc: fatal error: no input files
compilation terminated.
configure:2849: $? = 1
configure:2869: checking whether the C compiler works
configure:2891: gcc    conftest.c  >&5
configure:2895: $? = 0
configure:2945: result: yes
configure:2948: checking for C compiler default output file name
configure:2950: result: a.out
configure:2956: checking for suffix of executables
configure:2963: gcc -o conftest    conftest.c  >&5
configure:2967: $? = 0
configure:2990: result: 
configure:3012: checking whether we are cross compiling
configure:3020: gcc -o conftest    conftest.c  >&5
configure:3024: $? = 0
configure:3031: ./conftest
configure:3035: $? = 0
configure:3050: result: no
configure:3055: checking for suffix of object files
configure:3078: gcc -c   conftest.c >&5
configure:3082: $? = 0
configure:3104: result: o
configure:3108: checking whether the compiler supports GNU C
configure:3128: gcc -c   conftest.c >&5
configure:3128: $? = 0
configure:3138: result: yes
configure:3149: checking whether gcc accepts -g
configure:3170: gcc -c -g  conftest.c >&5
configure:3170: $? = 0
configure:3214: result: yes
configure:3234: checking for gcc option to enable C11 features
configure:3249: gcc  -c   conftest.c >&5
configure:3249: $? = 0
configure:3267: result: none needed
configure:3425: checking for ranlib
configure:3446: found /usr/bin/ranlib
configure:3457: result: ranlib
configure:3481: checking for ar
configure:3504: found /usr/bin/ar
configure:3516: result: /usr/bin/ar
configure:3526: checking for mkdir
configure:3549: found /usr/bin/mkdir
configure:3561: result: /usr/bin/mkdir
configure:3571: checking for rm
configure:3594: found /usr/bin/rm
configure:3606: result: /usr/bin/rm
configure:3629: checking for install-sh script
configure:3633: result: using /home/ank/Documents/native-gutenprinter-app/install-sh
configure:3688: checking for pkg-config
configure:3711: found /usr/bin/pkg-config
configure:3723: result: /usr/bin/pkg-config
configure:3854: checking for cups-config
configure:3877: found /usr/bin/cups-config
configure:3889: result: /usr/bin/cups-config
configure:3911: checking for CUPS library v2.4 or higher
configure:3964: result: yes, v2.4.7
configure:4140: checking whether compiler supports -Wno-char-subscripts
configure:4157: gcc -c  -I/usr/local/include -I/usr/local/include/libcups3 -I/usr/include/dbus-1.0 -I/usr/lib/aarch64-linux-gnu/dbus-1.0/include -D_REENTRANT -I/usr/include/libpng16 -I/usr/include/libusb-1.0   -I/usr/include/cupsfilters  -I/usr/include/ppd  -I/usr/include/p11-kit-1 -D_REENTRANT  -I/usr/local/include  -Wno-char-subscripts -Werror  -D_FORTIFY_SOURCE=2 conftest.c >&5
configure:4157: $? = 0
configure:4160: result: yes
configure:4140: checking whether compiler supports -Wno-format-truncation
configure:4157: gcc -c  -I/usr/local/include -I/usr/local/include/libcups3 -I/usr/include/dbus-1.0 -I/usr/lib/aarch64-linux-gnu/dbus-1.0/include -D_REENTRANT -I/usr/include/libpng16 -I/usr/include/libusb-1.0   -I/usr/include/cupsfilters  -I/usr/include/ppd  -I/usr/include/p11-kit-1 -D_REENTRANT  -I/usr/local/include  -Wno-format-truncation -Werror  -D_FORTIFY_SOURCE=2 conftest.c >&5
configure:4157: $? = 0
configure:4160: result: yes
configure:4140: checking whether compiler supports -Wno-format-y2k
configure:4157: gcc -c  -I/usr/local/include -I/usr/local/include/libcups3 -I/usr/include/dbus-1.0 -I/usr/lib/aarch64-linux-gnu/dbus-1.0/include -D_REENTRANT -I/usr/include/libpng16 -I/usr/include/libusb-1.0   -I/usr/include/cupsfilters  -I/usr/include/ppd  -I/usr/include/p11-kit-1 -D_REENTRANT  -I/usr/local/include  -Wno-format-y2k -Werror  -D_FORTIFY_SOURCE=2 conftest.c >&5
configure:4157: $? = 0
configure:4160: result: yes
configure:4140: checking whether compiler supports -Wno-switch
configure:4157: gcc -c  -I/usr/local/include -I/usr/local/include/libcups3 -I/usr/include/dbus-1.0 -I/usr/lib/aarch64-linux-gnu/dbus-1.0/include -D_REENTRANT -I/usr/include/libpng16 -I/usr/include/libusb-1.0   -I/usr/include/cupsfilters  -I/usr/include/ppd  -I/usr/include/p11-kit-1 -D_REENTRANT  -I/usr/local/include  -Wno-switch -Werror  -D_FORTIFY_SOURCE=2 conftest.c >&5
configure:4157: $? = 0
configure:4160: result: yes
configure:4140: checking whether compiler supports -Wno-unused-result
configure:4157: gcc -c  -I/usr/local/include -I/usr/local/include/libcups3 -I/usr/include/dbus-1.0 -I/usr/lib/aarch64-linux-gnu/dbus-1.0/include -D_REENTRANT -I/usr/include/libpng16 -I/usr/include/libusb-1.0   -I/usr/include/cupsfilters  -I/usr/include/ppd  -I/usr/include/p11-kit-1 -D_REENTRANT  -I/usr/local/include  -Wno-unused-result -Werror  -D_FORTIFY_SOURCE=2 conftest.c >&5
configure:4157: $? = 0
configure:4160: result: yes
configure:4182: checking whether compiler supports -fPIE
configure:4230: gcc -c  -I/usr/local/include -I/usr/local/include/libcups3 -I/usr/include/dbus-1.0 -I/usr/lib/aarch64-linux-gnu/dbus-1.0/include -D_REENTRANT -I/usr/include/libpng16 -I/usr/include/libusb-1.0   -I/usr/include/cupsfilters  -I/usr/include/ppd  -I/usr/include/p11-kit-1 -D_REENTRANT  -I/usr/local/include  -fPIC -fPIE -pie  -D_FORTIFY_SOURCE=2 conftest.c >&5
configure:4230: $? = 0
configure:4235: result: yes
configure:4396: creating ./config.status

## ---------------------- ##
## Running config.status. ##
## ---------------------- ##

This file was extended by gutenprint-printer-app config.status 1.0.0, which was
generated by GNU Autoconf 2.71.  Invocation command line was

  CONFIG_FILES    = 
  CONFIG_HEADERS  = 
  CONFIG_LINKS    = 
  CONFIG_COMMANDS = 
  $ ./config.status 

on something

config.status:811: creating Makefile
config.status:811: creating gutenprint-printer-app.service
config.status:811: creating config.h
config.status:981: config.h is unchanged

## ---------------- ##
## Cache variables. ##
## ---------------- ##

ac_cv_build=aarch64-unknown-linux-gnu
ac_cv_c_compiler_gnu=yes
ac_cv_env_CC_set=
ac_cv_env_CC_value=
ac_cv_env_CFLAGS_set=
ac_cv_env_CFLAGS_value=
ac_cv_env_CPPFLAGS_set=
ac_cv_env_CPPFLAGS_value=
ac_cv_env_LDFLAGS_set=
ac_cv_env_LDFLAGS_value=
ac_cv_env_LIBS_set=
ac_cv_env_LIBS_value=
ac_cv_env_build_alias_set=
ac_cv_env_build_alias_value=
ac_cv_env_host_alias_set=
ac_cv_env_host_alias_value=
ac_cv_env_target_alias_set=
ac_cv_env_target_alias_value=
ac_cv_host=aarch64-unknown-linux-gnu
ac_cv_objext=o
ac_cv_path_AR=/usr/bin/ar
ac_cv_path_MKDIR=/usr/bin/mkdir
ac_cv_path_RM=/usr/bin/rm
ac_cv_path_ac_pt_CUPSCONFIG=/usr/bin/cups-config
ac_cv_path_ac_pt_PKGCONFIG=/usr/bin/pkg-config
ac_cv_prog_ac_ct_CC=gcc
ac_cv_prog_ac_ct_RANLIB=ranlib
ac_cv_prog_cc_c11=
ac_cv_prog_cc_g=yes
ac_cv_prog_cc_stdc=

## ----------------- ##
## Output variables. ##
## ----------------- ##

AR='/usr/bin/ar'
ARFLAGS='cr'
CC='gcc'
CFLAGS='-fPIC  -I/usr/local/include -I/usr/local/include/libcups3 -I/usr/include/dbus-1.0 -I/usr/lib/aarch64-linux-gnu/dbus-1.0/include -D_REENTRANT -I/usr/include/libpng16 -I/usr/include/libusb-1.0   -I/usr/include/cupsfilters  -I/usr/include/ppd  -I/usr/include/p11-kit-1 -D_REENTRANT  -I/usr/local/include '
CPPFLAGS=' -D_FORTIFY_SOURCE=2 -D__USE_MISC -D_TIME_BITS=64 -D_FILE_OFFSET_BITS=64'
CSFLAGS='-o runtime'
CUPSCONFIG='/usr/bin/cups-config'
CUPS_MODELDIR='/usr/share/cups/model/gutenprint/5.3'
DEFS='-DHAVE_CONFIG_H'
ECHO_C=''
ECHO_N='-n'
ECHO_T=''
EXEEXT=''
GUTENPRINT_PRINTER_APP_VERSION='1.0'
GUTENPRINT_RELEASE_VERSION='5.3'
INSTALL='/home/ank/Documents/native-gutenprinter-app/install-sh'
LDFLAGS='-fPIE -pie '
LIBOBJS=''
LIBS=' -L/usr/local/lib -lpappl -lcups3  -lmagic  -lcupsfilters  -lppd  -lcups  -L/usr/local/lib -lgutenprint '
LTLIBOBJS=''
MKDIR='/usr/bin/mkdir'
OBJEXT='o'
OPTIM='-g -Os'
PACKAGE_BUGREPORT='https://github.com/michaelrsweet/lprint/issues'
PACKAGE_NAME='gutenprint-printer-app'
PACKAGE_STRING='gutenprint-printer-app 1.0'
PACKAGE_TARNAME='gutenprint-printer-app'
PACKAGE_URL='https://michaelrsweet.github.io/lprint'
PACKAGE_VERSION='1.0'
PATH_SEPARATOR=':'
PKGCONFIG='/usr/bin/pkg-config'
RANLIB='ranlib'
RM='/usr/bin/rm'
SHELL='/bin/bash'
WARNINGS='-Wall -Wunused -Wno-char-subscripts -Wno-format-truncation -Wno-format-y2k -Wno-switch -Wno-unused-result'
ac_ct_CC='gcc'
bindir='/usr/local/bin'
build='aarch64-unknown-linux-gnu'
build_alias=''
build_cpu='aarch64'
build_os='linux-gnu'
build_vendor='unknown'
datadir='${datarootdir}'
datarootdir='${prefix}/share'
docdir='${datarootdir}/doc/${PACKAGE_TARNAME}'
dvidir='${docdir}'
exec_prefix='/usr/local'
host='aarch64-unknown-linux-gnu'
host_alias=''
host_cpu='aarch64'
host_os='linux-gnu'
host_vendor='unknown'
htmldir='${docdir}'
includedir='${prefix}/include'
infodir='${datarootdir}/info'
libdir='${exec_prefix}/lib'
libexecdir='${exec_prefix}/libexec'
localedir='${datarootdir}/locale'
localstatedir='${prefix}/var'
mandir='${datarootdir}/man'
oldincludedir='/usr/include'
pdfdir='${docdir}'
prefix='/usr/local'
program_transform_name='s,x,x,'
psdir='${docdir}'
runstatedir='${localstatedir}/run'
sbindir='${exec_prefix}/sbin'
sharedstatedir='${prefix}/com'
sysconfdir='${prefix}/etc'
target_alias=''
unitdir='$(prefix)/lib/systemd/system'

## ----------- ##
## confdefs.h. ##
## ----------- ##

/* confdefs.h */
#define PACKAGE_NAME "gutenprint-printer-app"
#define PACKAGE_TARNAME "gutenprint-printer-app"
#define PACKAGE_VERSION "1.0"
#define PACKAGE_STRING "gutenprint-printer-app 1.0"
#define PACKAGE_BUGREPORT "https://github.com/michaelrsweet/lprint/issues"
#define PACKAGE_URL "https://michaelrsweet.github.io/lprint"
#define GUTENPRINT_PRINTER_APP_VERSION "1.0"
#define GUTENPRINT_PRINTER_APP_MAJOR_VERSION 1
#define GUTENPRINT_PRINTER_APP_MINOR_VERSION 0
#define GUTENPRINT_PRINTER_APP_PATCH_VERSION 0
#define GUTENPRINT_RELEASE_VERSION "5.3"
#define CUPS_MODELDIR "/usr/share/cups/model/gutenprint/5.3"

configure: exit 0
